20210624 100343.866 INFO             PET0 Running with ESMF Version 7.1.0r
20210624 100343.867 INFO             PET0 Finalizing ESMF
20210624 100344.239 INFO             PET0 Running with ESMF Version 7.1.0r
20210624 100344.239 INFO             PET0 Finalizing ESMF
20210624 100344.643 INFO             PET0 Running with ESMF Version 7.1.0r
20210624 100346.656 ERROR            PET0 /d1/haley/src/esmf-7.1.0r/src/Infrastructure/IO/interface/ESMC_IOScrip2ESMF.C:48 handle_error Internal error: Bad condition  - line 240: NetCDF error: No such file or directory
20210624 100346.656 ERROR            PET0 ESMF_IOScrip.F90:1096 ESMF_OutputScripWeightFile Invalid object  - Internal subroutine call returned Error
20210624 100346.656 ERROR            PET0 ESMF_RegridWeightGen.F90:1745 ESMF_RegridWeightGenFile Invalid object  - Internal subroutine call returned Error
20210624 100346.656 INFO             PET0 Finalizing ESMF
20210624 101242.500 INFO             PET0 Running with ESMF Version 7.1.0r
20210624 101242.501 INFO             PET0 Finalizing ESMF
20210624 101242.979 INFO             PET0 Running with ESMF Version 7.1.0r
20210624 101242.980 INFO             PET0 Finalizing ESMF
20210624 101243.389 INFO             PET0 Running with ESMF Version 7.1.0r
20210624 101245.612 INFO             PET0 Finalizing ESMF
20210624 101453.280 INFO             PET0 Running with ESMF Version 7.1.0r
20210624 101453.280 INFO             PET0 Finalizing ESMF
20210624 101453.704 INFO             PET0 Running with ESMF Version 7.1.0r
20210624 101453.704 INFO             PET0 Finalizing ESMF
20210624 101454.376 INFO             PET0 Running with ESMF Version 7.1.0r
20210624 101456.610 INFO             PET0 Finalizing ESMF
20210624 101553.186 INFO             PET0 Running with ESMF Version 7.1.0r
20210624 101553.186 INFO             PET0 Finalizing ESMF
20210624 101553.522 INFO             PET0 Running with ESMF Version 7.1.0r
20210624 101553.522 INFO             PET0 Finalizing ESMF
20210624 101554.083 INFO             PET0 Running with ESMF Version 7.1.0r
20210624 101556.295 INFO             PET0 Finalizing ESMF
20210624 102248.696 INFO             PET0 Running with ESMF Version 7.1.0r
20210624 102248.697 INFO             PET0 Finalizing ESMF
20210624 102249.086 INFO             PET0 Running with ESMF Version 7.1.0r
20210624 102249.086 INFO             PET0 Finalizing ESMF
20210624 102249.732 INFO             PET0 Running with ESMF Version 7.1.0r
20210624 102251.922 INFO             PET0 Finalizing ESMF
20210624 102411.592 INFO             PET0 Running with ESMF Version 7.1.0r
20210624 102411.593 INFO             PET0 Finalizing ESMF
20210624 102412.189 INFO             PET0 Running with ESMF Version 7.1.0r
20210624 102412.189 INFO             PET0 Finalizing ESMF
20210624 102413.105 INFO             PET0 Running with ESMF Version 7.1.0r
20210624 102415.302 INFO             PET0 Finalizing ESMF
20210624 102738.996 INFO             PET0 Running with ESMF Version 7.1.0r
20210624 102738.996 INFO             PET0 Finalizing ESMF
20210624 102739.369 INFO             PET0 Running with ESMF Version 7.1.0r
20210624 102739.369 INFO             PET0 Finalizing ESMF
20210624 102739.963 INFO             PET0 Running with ESMF Version 7.1.0r
20210624 102742.570 INFO             PET0 Finalizing ESMF
20210624 174432.509 INFO             PET0 Running with ESMF Version 7.1.0r
20210624 174432.510 INFO             PET0 Finalizing ESMF
20210624 174433.026 INFO             PET0 Running with ESMF Version 7.1.0r
20210624 174433.026 INFO             PET0 Finalizing ESMF
20210624 174433.806 INFO             PET0 Running with ESMF Version 7.1.0r
20210624 174436.171 INFO             PET0 Finalizing ESMF
20210624 182502.780 INFO             PET0 Running with ESMF Version 7.1.0r
20210624 182502.780 INFO             PET0 Finalizing ESMF
20210624 182503.322 INFO             PET0 Running with ESMF Version 7.1.0r
20210624 182503.323 INFO             PET0 Finalizing ESMF
20210624 182504.121 INFO             PET0 Running with ESMF Version 7.1.0r
20210624 182506.346 INFO             PET0 Finalizing ESMF
20210624 182636.182 INFO             PET0 Running with ESMF Version 7.1.0r
20210624 182636.183 INFO             PET0 Finalizing ESMF
20210624 182636.690 INFO             PET0 Running with ESMF Version 7.1.0r
20210624 182636.691 INFO             PET0 Finalizing ESMF
20210624 182637.391 INFO             PET0 Running with ESMF Version 7.1.0r
20210624 182639.576 INFO             PET0 Finalizing ESMF
20210624 182824.861 INFO             PET0 Running with ESMF Version 7.1.0r
20210624 182824.861 INFO             PET0 Finalizing ESMF
20210624 182825.295 INFO             PET0 Running with ESMF Version 7.1.0r
20210624 182825.295 INFO             PET0 Finalizing ESMF
20210624 182826.071 INFO             PET0 Running with ESMF Version 7.1.0r
20210624 182828.206 INFO             PET0 Finalizing ESMF
20210624 184842.964 INFO             PET0 Running with ESMF Version 7.1.0r
20210624 184842.964 INFO             PET0 Finalizing ESMF
20210624 184843.485 INFO             PET0 Running with ESMF Version 7.1.0r
20210624 184843.485 INFO             PET0 Finalizing ESMF
20210624 184844.016 INFO             PET0 Running with ESMF Version 7.1.0r
20210624 184846.215 INFO             PET0 Finalizing ESMF
